<?xml version="1.0" ?>
<coverage branch-rate="0.5" line-rate="1" timestamp="1499839244603" version="4.0.3">
	<!-- Generated by coverage.py: https://coverage.readthedocs.org -->
	<!-- Based on https://raw.githubusercontent.com/cobertura/web/f0366e5e2cf18f111cbd61fc34ef720a6584ba02/htdocs/xml/coverage-03.dtd -->
	<sources>
		<source>/drone/src</source>
	</sources>
	<packages>
		<package branch-rate="0.5" complexity="0" line-rate="1" name=".">
			<classes>
				<class branch-rate="0.5" complexity="0" filename="test.py" line-rate="1" name="test.py">
					<methods/>
					<lines>
						<line hits="1" number="1"/>
						<line hits="1" number="2"/>
						<line hits="1" number="5"/>
						<line hits="1" number="7"/>
						<line hits="1" number="8"/>
						<line hits="1" number="9"/>
						<line hits="1" number="11"/>
						<line hits="1" number="12"/>
						<line hits="1" number="14"/>
						<line hits="1" number="15"/>
						<line branch="true" condition-coverage="50% (1/2)" hits="1" missing-branches="exit" number="21"/>
						<line hits="1" number="22"/>
					</lines>
				</class>
			</classes>
		</package>
	</packages>
</coverage>
